<?xml version="1.0" encoding="UTF-8"?>
<!-- Generated by org.testng.reporters.JUnitReportReporter -->
<testsuite hostname="HX-KomalKawan" failures="0" tests="1" name="Task.Task.AppTest" time="61.217" errors="0" timestamp="2022-01-09T22:18:38 IST" skipped="0">
  <testcase classname="Task.Task.AppTest" name="Testing" time="61.217"/>
  <system-out/>
</testsuite> <!-- Task.Task.AppTest -->
